Using pre-set license
Built from '2020.3/staging' branch; Version is '2020.3.18f1 (a7d1c678663c) revision 10998214'; Using compiler version '192528614'; Build Type 'Release'
OS: 'Windows 10 Home; OS build 19043.1237; Version 2009; 64bit' Language: 'pt' Physical Memory: 8145 MB
BatchMode: 1, IsHumanControllingUs: 0, StartBugReporterOnCrash: 0, Is64bit: 1, IsPro: 0

COMMAND LINE ARGUMENTS:
C:\Unity\2020.3.18f1\Editor\Unity.exe
-adb2
-batchMode
-noUpm
-name
AssetImportWorker0
-projectPath
C:/Unity/Projetos Unity/Clone-Slice-It-All
-logFile
Logs/AssetImportWorker0.log
-srvPort
63187
Successfully changed project path to: C:/Unity/Projetos Unity/Clone-Slice-It-All
C:/Unity/Projetos Unity/Clone-Slice-It-All
Using Asset Import Pipeline V2.
Refreshing native plugins compatible for Editor in 45.95 ms, found 2 plugins.
Preloading 0 native plugins for Editor in 0.00 ms.
Initialize engine version: 2020.3.18f1 (a7d1c678663c)
[Subsystems] Discovering subsystems at path C:/Unity/2020.3.18f1/Editor/Data/Resources/UnitySubsystems
[Subsystems] Discovering subsystems at path C:/Unity/Projetos Unity/Clone-Slice-It-All/Assets
GfxDevice: creating device client; threaded=0
Direct3D:
    Version:  Direct3D 11.0 [level 11.1]
    Renderer: NVIDIA GeForce GTX 1050 Ti (ID=0x1c82)
    Vendor:   
    VRAM:     4018 MB
    Driver:   30.0.14.7196
Initialize mono
Mono path[0] = 'C:/Unity/2020.3.18f1/Editor/Data/Managed'
Mono path[1] = 'C:/Unity/2020.3.18f1/Editor/Data/MonoBleedingEdge/lib/mono/unityjit'
Mono config path = 'C:/Unity/2020.3.18f1/Editor/Data/MonoBleedingEdge/etc'
Using monoOptions --debugger-agent=transport=dt_socket,embedding=1,server=y,suspend=n,address=127.0.0.1:56288
Begin MonoManager ReloadAssembly
Registering precompiled unity dll's ...
Register platform support module: C:/Unity/2020.3.18f1/Editor/Data/PlaybackEngines/WebGLSupport/UnityEditor.WebGL.Extensions.dll
Register platform support module: C:/Unity/2020.3.18f1/Editor/Data/PlaybackEngines/WindowsStandaloneSupport/UnityEditor.WindowsStandalone.Extensions.dll
Registered in 0.002979 seconds.
Native extension for WindowsStandalone target not found
Native extension for WebGL target not found
Refreshing native plugins compatible for Editor in 47.77 ms, found 2 plugins.
Preloading 0 native plugins for Editor in 0.00 ms.
Mono: successfully reloaded assembly
- Completed reload, in  2.546 seconds
Domain Reload Profiling:
	ReloadAssembly (2547ms)
		BeginReloadAssembly (69ms)
			ExecutionOrderSort (0ms)
			DisableScriptedObjects (0ms)
			BackupInstance (0ms)
			ReleaseScriptingObjects (0ms)
			CreateAndSetChildDomain (1ms)
		EndReloadAssembly (596ms)
			LoadAssemblies (66ms)
			RebuildTransferFunctionScriptingTraits (0ms)
			SetupTypeCache (222ms)
			ReleaseScriptCaches (0ms)
			RebuildScriptCaches (44ms)
			SetupLoadedEditorAssemblies (229ms)
				LogAssemblyErrors (0ms)
				InitializePlatformSupportModulesInManaged (8ms)
				SetLoadedEditorAssemblies (0ms)
				RefreshPlugins (48ms)
				BeforeProcessingInitializeOnLoad (21ms)
				ProcessInitializeOnLoadAttributes (111ms)
				ProcessInitializeOnLoadMethodAttributes (40ms)
				AfterProcessingInitializeOnLoad (0ms)
				EditorAssembliesLoaded (0ms)
			ExecutionOrderSort2 (0ms)
			AwakeInstancesAfterBackupRestoration (0ms)
Platform modules already initialized, skipping
Registering precompiled user dll's ...
Registered in 0.004327 seconds.
Begin MonoManager ReloadAssembly
Native extension for WindowsStandalone target not found
Native extension for WebGL target not found
Refreshing native plugins compatible for Editor in 0.50 ms, found 2 plugins.
Preloading 0 native plugins for Editor in 0.00 ms.
Mono: successfully reloaded assembly
- Completed reload, in  1.374 seconds
Domain Reload Profiling:
	ReloadAssembly (1375ms)
		BeginReloadAssembly (188ms)
			ExecutionOrderSort (0ms)
			DisableScriptedObjects (6ms)
			BackupInstance (0ms)
			ReleaseScriptingObjects (0ms)
			CreateAndSetChildDomain (24ms)
		EndReloadAssembly (1104ms)
			LoadAssemblies (115ms)
			RebuildTransferFunctionScriptingTraits (0ms)
			SetupTypeCache (366ms)
			ReleaseScriptCaches (0ms)
			RebuildScriptCaches (67ms)
			SetupLoadedEditorAssemblies (418ms)
				LogAssemblyErrors (0ms)
				InitializePlatformSupportModulesInManaged (8ms)
				SetLoadedEditorAssemblies (1ms)
				RefreshPlugins (1ms)
				BeforeProcessingInitializeOnLoad (103ms)
				ProcessInitializeOnLoadAttributes (292ms)
				ProcessInitializeOnLoadMethodAttributes (5ms)
				AfterProcessingInitializeOnLoad (8ms)
				EditorAssembliesLoaded (0ms)
			ExecutionOrderSort2 (0ms)
			AwakeInstancesAfterBackupRestoration (9ms)
Platform modules already initialized, skipping
========================================================================
Worker process is ready to serve import requests
Launched and connected shader compiler UnityShaderCompiler.exe after 0.11 seconds
Refreshing native plugins compatible for Editor in 0.41 ms, found 2 plugins.
Preloading 0 native plugins for Editor in 0.00 ms.
Unloading 1564 Unused Serialized files (Serialized files now loaded: 0)
System memory in use before: 72.2 MB.
System memory in use after: 72.3 MB.

Unloading 17 unused Assets to reduce memory usage. Loaded Objects now: 2000.
Total: 3.794900 ms (FindLiveObjects: 0.318300 ms CreateObjectMapping: 0.140800 ms MarkObjects: 3.253200 ms  DeleteObjects: 0.081400 ms)

AssetImportParameters requested are different than current active one (requested -> active):
  custom:framework-win-MediaFoundation: 216162199b28c13a410421893ffa2e32 -> 
  custom:video-decoder-ogg-theora: a1e56fd34408186e4bbccfd4996cb3dc -> 
  custom:container-muxer-webm: aa71ff27fc2769a1b78a27578f13a17b -> 
  custom:container-demuxer-webm: 4f35f7cbe854078d1ac9338744f61a02 -> 
  custom:container-demuxer-ogg: 62fdf1f143b41e24485cea50d1cbac27 -> 
  custom:video-encoder-webm-vp8: eb34c28f22e8b96e1ab97ce403110664 -> 
  custom:video-decoder-webm-vp8: 9c59270c3fd7afecdb556c50c9e8de78 -> 
  custom:audio-decoder-ogg-vorbis: bf7c407c2cedff20999df2af8eb42d56 -> 
  custom:audio-encoder-webm-vorbis: bf7c407c2cedff20999df2af8eb42d56 -> 
========================================================================
Received Import Request.
  path: Assets/_Game/Imported/theboldfont.ttf
  artifactKey: Guid(ffe49fd606cdcef439bf13728fe946ef) Importer(815301076,1909f56bfc062723c751e8b465ee728b)
Start importing Assets/_Game/Imported/theboldfont.ttf using Guid(ffe49fd606cdcef439bf13728fe946ef) Importer(815301076,1909f56bfc062723c751e8b465ee728b)  -> (artifact id: 'ebaab1348912fcdd89709ecc8a6e6a65') in 0.200378 seconds 
  Import took 0.204432 seconds .

========================================================================
Received Import Request.
  Time since last request: 64.231108 seconds.
  path: Assets/TextMesh Pro/Fonts
  artifactKey: Guid(6ab70aee4d56447429c680537fbf93ed) Importer(815301076,1909f56bfc062723c751e8b465ee728b)
Start importing Assets/TextMesh Pro/Fonts using Guid(6ab70aee4d56447429c680537fbf93ed) Importer(815301076,1909f56bfc062723c751e8b465ee728b)  -> (artifact id: 'c860dfdf0522eec1202f36843e52d436') in 0.011513 seconds 
  Import took 0.015942 seconds .

========================================================================
Received Import Request.
  Time since last request: 0.768059 seconds.
  path: Assets/TextMesh Pro/Fonts/LiberationSans.ttf
  artifactKey: Guid(e3265ab4bf004d28a9537516768c1c75) Importer(815301076,1909f56bfc062723c751e8b465ee728b)
Start importing Assets/TextMesh Pro/Fonts/LiberationSans.ttf using Guid(e3265ab4bf004d28a9537516768c1c75) Importer(815301076,1909f56bfc062723c751e8b465ee728b)  -> (artifact id: '246556da8ee308a88cd64dac11bb5e10') in 0.020767 seconds 
  Import took 0.026684 seconds .

========================================================================
Received Import Request.
  Time since last request: 95.296571 seconds.
  path: Assets/TextMesh Pro/Fonts/theboldfont SDF.asset
  artifactKey: Guid(5167e5c54af982243b61fbb958da282a) Importer(815301076,1909f56bfc062723c751e8b465ee728b)
Start importing Assets/TextMesh Pro/Fonts/theboldfont SDF.asset using Guid(5167e5c54af982243b61fbb958da282a) Importer(815301076,1909f56bfc062723c751e8b465ee728b)  -> (artifact id: '63ede4bf13f44a0e3b2707d8c364bac2') in 0.061109 seconds 
  Import took 0.065256 seconds .

========================================================================
Received Prepare
Registering precompiled user dll's ...
Registered in 0.003920 seconds.
Begin MonoManager ReloadAssembly
Native extension for WindowsStandalone target not found
Native extension for WebGL target not found
Refreshing native plugins compatible for Editor in 0.41 ms, found 2 plugins.
Preloading 0 native plugins for Editor in 0.00 ms.
Mono: successfully reloaded assembly
- Completed reload, in  1.288 seconds
Domain Reload Profiling:
	ReloadAssembly (1289ms)
		BeginReloadAssembly (144ms)
			ExecutionOrderSort (0ms)
			DisableScriptedObjects (6ms)
			BackupInstance (0ms)
			ReleaseScriptingObjects (0ms)
			CreateAndSetChildDomain (42ms)
		EndReloadAssembly (1056ms)
			LoadAssemblies (116ms)
			RebuildTransferFunctionScriptingTraits (0ms)
			SetupTypeCache (356ms)
			ReleaseScriptCaches (1ms)
			RebuildScriptCaches (58ms)
			SetupLoadedEditorAssemblies (383ms)
				LogAssemblyErrors (0ms)
				InitializePlatformSupportModulesInManaged (7ms)
				SetLoadedEditorAssemblies (1ms)
				RefreshPlugins (0ms)
				BeforeProcessingInitializeOnLoad (98ms)
				ProcessInitializeOnLoadAttributes (264ms)
				ProcessInitializeOnLoadMethodAttributes (4ms)
				AfterProcessingInitializeOnLoad (8ms)
				EditorAssembliesLoaded (0ms)
			ExecutionOrderSort2 (0ms)
			AwakeInstancesAfterBackupRestoration (10ms)
Platform modules already initialized, skipping
Switching build target platform(19) subTarget(0) extendedPlatform(0) -> platform(13) subTarget(537395200) extendedPlatform(0)
Refreshing native plugins compatible for Editor in 0.48 ms, found 2 plugins.
Preloading 0 native plugins for Editor in 0.00 ms.
Unloading 1546 Unused Serialized files (Serialized files now loaded: 0)
System memory in use before: 73.8 MB.
System memory in use after: 74.0 MB.

Unloading 12 unused Assets to reduce memory usage. Loaded Objects now: 2046.
Total: 3.651100 ms (FindLiveObjects: 0.207300 ms CreateObjectMapping: 0.119000 ms MarkObjects: 3.303700 ms  DeleteObjects: 0.019300 ms)

AssetImportParameters requested are different than current active one (requested -> active):
  custom:framework-win-MediaFoundation: 216162199b28c13a410421893ffa2e32 -> 
  custom:video-decoder-ogg-theora: a1e56fd34408186e4bbccfd4996cb3dc -> 
  custom:container-muxer-webm: aa71ff27fc2769a1b78a27578f13a17b -> 
  custom:container-demuxer-webm: 4f35f7cbe854078d1ac9338744f61a02 -> 
  custom:container-demuxer-ogg: 62fdf1f143b41e24485cea50d1cbac27 -> 
  custom:video-encoder-webm-vp8: eb34c28f22e8b96e1ab97ce403110664 -> 
  custom:video-decoder-webm-vp8: 9c59270c3fd7afecdb556c50c9e8de78 -> 
  custom:graphics/normal-map-encoding: 01000000000000000000000000000000 -> 02000000000000000000000000000000
  custom:audio-decoder-ogg-vorbis: bf7c407c2cedff20999df2af8eb42d56 -> 
  custom:audio-encoder-webm-vorbis: bf7c407c2cedff20999df2af8eb42d56 -> 
========================================================================
Received Prepare
Registering precompiled user dll's ...
Registered in 0.004444 seconds.
Begin MonoManager ReloadAssembly
Native extension for WindowsStandalone target not found
Native extension for WebGL target not found
Refreshing native plugins compatible for Editor in 0.43 ms, found 2 plugins.
Preloading 0 native plugins for Editor in 0.00 ms.
Mono: successfully reloaded assembly
- Completed reload, in  1.388 seconds
Domain Reload Profiling:
	ReloadAssembly (1388ms)
		BeginReloadAssembly (141ms)
			ExecutionOrderSort (0ms)
			DisableScriptedObjects (6ms)
			BackupInstance (0ms)
			ReleaseScriptingObjects (0ms)
			CreateAndSetChildDomain (39ms)
		EndReloadAssembly (1123ms)
			LoadAssemblies (128ms)
			RebuildTransferFunctionScriptingTraits (0ms)
			SetupTypeCache (371ms)
			ReleaseScriptCaches (1ms)
			RebuildScriptCaches (69ms)
			SetupLoadedEditorAssemblies (392ms)
				LogAssemblyErrors (0ms)
				InitializePlatformSupportModulesInManaged (9ms)
				SetLoadedEditorAssemblies (1ms)
				RefreshPlugins (1ms)
				BeforeProcessingInitializeOnLoad (102ms)
				ProcessInitializeOnLoadAttributes (268ms)
				ProcessInitializeOnLoadMethodAttributes (4ms)
				AfterProcessingInitializeOnLoad (7ms)
				EditorAssembliesLoaded (0ms)
			ExecutionOrderSort2 (0ms)
			AwakeInstancesAfterBackupRestoration (9ms)
Platform modules already initialized, skipping
Switching build target platform(19) subTarget(0) extendedPlatform(0) -> platform(13) subTarget(537395200) extendedPlatform(0)
Refreshing native plugins compatible for Editor in 0.43 ms, found 2 plugins.
Preloading 0 native plugins for Editor in 0.00 ms.
Unloading 1546 Unused Serialized files (Serialized files now loaded: 0)
System memory in use before: 73.9 MB.
System memory in use after: 74.0 MB.

Unloading 12 unused Assets to reduce memory usage. Loaded Objects now: 2048.
Total: 3.635200 ms (FindLiveObjects: 0.197800 ms CreateObjectMapping: 0.102800 ms MarkObjects: 3.314600 ms  DeleteObjects: 0.018600 ms)

AssetImportParameters requested are different than current active one (requested -> active):
  custom:framework-win-MediaFoundation: 216162199b28c13a410421893ffa2e32 -> 
  custom:video-decoder-ogg-theora: a1e56fd34408186e4bbccfd4996cb3dc -> 
  custom:container-muxer-webm: aa71ff27fc2769a1b78a27578f13a17b -> 
  custom:container-demuxer-webm: 4f35f7cbe854078d1ac9338744f61a02 -> 
  custom:container-demuxer-ogg: 62fdf1f143b41e24485cea50d1cbac27 -> 
  custom:video-encoder-webm-vp8: eb34c28f22e8b96e1ab97ce403110664 -> 
  custom:video-decoder-webm-vp8: 9c59270c3fd7afecdb556c50c9e8de78 -> 
  custom:graphics/normal-map-encoding: 01000000000000000000000000000000 -> 02000000000000000000000000000000
  custom:audio-decoder-ogg-vorbis: bf7c407c2cedff20999df2af8eb42d56 -> 
  custom:audio-encoder-webm-vorbis: bf7c407c2cedff20999df2af8eb42d56 -> 
========================================================================
Received Prepare
Registering precompiled user dll's ...
Registered in 0.003735 seconds.
Begin MonoManager ReloadAssembly
Native extension for WindowsStandalone target not found
Native extension for WebGL target not found
Refreshing native plugins compatible for Editor in 0.67 ms, found 2 plugins.
Preloading 0 native plugins for Editor in 0.00 ms.
Mono: successfully reloaded assembly
- Completed reload, in  1.650 seconds
Domain Reload Profiling:
	ReloadAssembly (1650ms)
		BeginReloadAssembly (197ms)
			ExecutionOrderSort (0ms)
			DisableScriptedObjects (7ms)
			BackupInstance (0ms)
			ReleaseScriptingObjects (0ms)
			CreateAndSetChildDomain (65ms)
		EndReloadAssembly (1352ms)
			LoadAssemblies (141ms)
			RebuildTransferFunctionScriptingTraits (0ms)
			SetupTypeCache (441ms)
			ReleaseScriptCaches (1ms)
			RebuildScriptCaches (65ms)
			SetupLoadedEditorAssemblies (534ms)
				LogAssemblyErrors (0ms)
				InitializePlatformSupportModulesInManaged (9ms)
				SetLoadedEditorAssemblies (1ms)
				RefreshPlugins (1ms)
				BeforeProcessingInitializeOnLoad (126ms)
				ProcessInitializeOnLoadAttributes (380ms)
				ProcessInitializeOnLoadMethodAttributes (6ms)
				AfterProcessingInitializeOnLoad (10ms)
				EditorAssembliesLoaded (0ms)
			ExecutionOrderSort2 (0ms)
			AwakeInstancesAfterBackupRestoration (11ms)
Platform modules already initialized, skipping
Switching build target platform(19) subTarget(0) extendedPlatform(0) -> platform(13) subTarget(537395200) extendedPlatform(0)
Refreshing native plugins compatible for Editor in 0.45 ms, found 2 plugins.
Preloading 0 native plugins for Editor in 0.00 ms.
Unloading 1546 Unused Serialized files (Serialized files now loaded: 0)
System memory in use before: 73.9 MB.
System memory in use after: 74.0 MB.

Unloading 12 unused Assets to reduce memory usage. Loaded Objects now: 2050.
Total: 4.086200 ms (FindLiveObjects: 0.256100 ms CreateObjectMapping: 0.215800 ms MarkObjects: 3.589500 ms  DeleteObjects: 0.022700 ms)

AssetImportParameters requested are different than current active one (requested -> active):
  custom:framework-win-MediaFoundation: 216162199b28c13a410421893ffa2e32 -> 
  custom:video-decoder-ogg-theora: a1e56fd34408186e4bbccfd4996cb3dc -> 
  custom:container-muxer-webm: aa71ff27fc2769a1b78a27578f13a17b -> 
  custom:container-demuxer-webm: 4f35f7cbe854078d1ac9338744f61a02 -> 
  custom:container-demuxer-ogg: 62fdf1f143b41e24485cea50d1cbac27 -> 
  custom:video-encoder-webm-vp8: eb34c28f22e8b96e1ab97ce403110664 -> 
  custom:video-decoder-webm-vp8: 9c59270c3fd7afecdb556c50c9e8de78 -> 
  custom:graphics/normal-map-encoding: 01000000000000000000000000000000 -> 02000000000000000000000000000000
  custom:audio-decoder-ogg-vorbis: bf7c407c2cedff20999df2af8eb42d56 -> 
  custom:audio-encoder-webm-vorbis: bf7c407c2cedff20999df2af8eb42d56 -> 
========================================================================
Received Prepare
Registering precompiled user dll's ...
Registered in 0.003896 seconds.
Begin MonoManager ReloadAssembly
Native extension for WindowsStandalone target not found
Native extension for WebGL target not found
Refreshing native plugins compatible for Editor in 0.53 ms, found 2 plugins.
Preloading 0 native plugins for Editor in 0.00 ms.
Mono: successfully reloaded assembly
- Completed reload, in  1.378 seconds
Domain Reload Profiling:
	ReloadAssembly (1379ms)
		BeginReloadAssembly (156ms)
			ExecutionOrderSort (0ms)
			DisableScriptedObjects (6ms)
			BackupInstance (0ms)
			ReleaseScriptingObjects (0ms)
			CreateAndSetChildDomain (57ms)
		EndReloadAssembly (1136ms)
			LoadAssemblies (114ms)
			RebuildTransferFunctionScriptingTraits (0ms)
			SetupTypeCache (339ms)
			ReleaseScriptCaches (1ms)
			RebuildScriptCaches (55ms)
			SetupLoadedEditorAssemblies (438ms)
				LogAssemblyErrors (0ms)
				InitializePlatformSupportModulesInManaged (8ms)
				SetLoadedEditorAssemblies (1ms)
				RefreshPlugins (1ms)
				BeforeProcessingInitializeOnLoad (123ms)
				ProcessInitializeOnLoadAttributes (292ms)
				ProcessInitializeOnLoadMethodAttributes (5ms)
				AfterProcessingInitializeOnLoad (8ms)
				EditorAssembliesLoaded (0ms)
			ExecutionOrderSort2 (0ms)
			AwakeInstancesAfterBackupRestoration (10ms)
Platform modules already initialized, skipping
Switching build target platform(19) subTarget(0) extendedPlatform(0) -> platform(13) subTarget(537395200) extendedPlatform(0)
Refreshing native plugins compatible for Editor in 0.42 ms, found 2 plugins.
Preloading 0 native plugins for Editor in 0.00 ms.
Unloading 1546 Unused Serialized files (Serialized files now loaded: 0)
System memory in use before: 73.9 MB.
System memory in use after: 74.0 MB.

Unloading 12 unused Assets to reduce memory usage. Loaded Objects now: 2052.
Total: 3.368000 ms (FindLiveObjects: 0.166600 ms CreateObjectMapping: 0.062700 ms MarkObjects: 3.108100 ms  DeleteObjects: 0.029200 ms)

AssetImportParameters requested are different than current active one (requested -> active):
  custom:framework-win-MediaFoundation: 216162199b28c13a410421893ffa2e32 -> 
  custom:video-decoder-ogg-theora: a1e56fd34408186e4bbccfd4996cb3dc -> 
  custom:container-muxer-webm: aa71ff27fc2769a1b78a27578f13a17b -> 
  custom:container-demuxer-webm: 4f35f7cbe854078d1ac9338744f61a02 -> 
  custom:container-demuxer-ogg: 62fdf1f143b41e24485cea50d1cbac27 -> 
  custom:video-encoder-webm-vp8: eb34c28f22e8b96e1ab97ce403110664 -> 
  custom:video-decoder-webm-vp8: 9c59270c3fd7afecdb556c50c9e8de78 -> 
  custom:graphics/normal-map-encoding: 01000000000000000000000000000000 -> 02000000000000000000000000000000
  custom:audio-decoder-ogg-vorbis: bf7c407c2cedff20999df2af8eb42d56 -> 
  custom:audio-encoder-webm-vorbis: bf7c407c2cedff20999df2af8eb42d56 -> 
========================================================================
Received Prepare
Registering precompiled user dll's ...
Registered in 0.003450 seconds.
Begin MonoManager ReloadAssembly
Native extension for WindowsStandalone target not found
Native extension for WebGL target not found
Refreshing native plugins compatible for Editor in 0.42 ms, found 2 plugins.
Preloading 0 native plugins for Editor in 0.00 ms.
Mono: successfully reloaded assembly
- Completed reload, in  1.298 seconds
Domain Reload Profiling:
	ReloadAssembly (1298ms)
		BeginReloadAssembly (128ms)
			ExecutionOrderSort (0ms)
			DisableScriptedObjects (7ms)
			BackupInstance (0ms)
			ReleaseScriptingObjects (0ms)
			CreateAndSetChildDomain (38ms)
		EndReloadAssembly (1081ms)
			LoadAssemblies (112ms)
			RebuildTransferFunctionScriptingTraits (0ms)
			SetupTypeCache (370ms)
			ReleaseScriptCaches (1ms)
			RebuildScriptCaches (57ms)
			SetupLoadedEditorAssemblies (366ms)
				LogAssemblyErrors (0ms)
				InitializePlatformSupportModulesInManaged (7ms)
				SetLoadedEditorAssemblies (1ms)
				RefreshPlugins (1ms)
				BeforeProcessingInitializeOnLoad (93ms)
				ProcessInitializeOnLoadAttributes (252ms)
				ProcessInitializeOnLoadMethodAttributes (4ms)
				AfterProcessingInitializeOnLoad (7ms)
				EditorAssembliesLoaded (0ms)
			ExecutionOrderSort2 (0ms)
			AwakeInstancesAfterBackupRestoration (10ms)
Platform modules already initialized, skipping
Switching build target platform(19) subTarget(0) extendedPlatform(0) -> platform(13) subTarget(537395200) extendedPlatform(0)
Refreshing native plugins compatible for Editor in 0.47 ms, found 2 plugins.
Preloading 0 native plugins for Editor in 0.00 ms.
Unloading 1546 Unused Serialized files (Serialized files now loaded: 0)
System memory in use before: 73.9 MB.
System memory in use after: 74.0 MB.

Unloading 12 unused Assets to reduce memory usage. Loaded Objects now: 2054.
Total: 3.215300 ms (FindLiveObjects: 0.191400 ms CreateObjectMapping: 0.067400 ms MarkObjects: 2.937600 ms  DeleteObjects: 0.017400 ms)

AssetImportParameters requested are different than current active one (requested -> active):
  custom:framework-win-MediaFoundation: 216162199b28c13a410421893ffa2e32 -> 
  custom:video-decoder-ogg-theora: a1e56fd34408186e4bbccfd4996cb3dc -> 
  custom:container-muxer-webm: aa71ff27fc2769a1b78a27578f13a17b -> 
  custom:container-demuxer-webm: 4f35f7cbe854078d1ac9338744f61a02 -> 
  custom:container-demuxer-ogg: 62fdf1f143b41e24485cea50d1cbac27 -> 
  custom:video-encoder-webm-vp8: eb34c28f22e8b96e1ab97ce403110664 -> 
  custom:video-decoder-webm-vp8: 9c59270c3fd7afecdb556c50c9e8de78 -> 
  custom:graphics/normal-map-encoding: 01000000000000000000000000000000 -> 02000000000000000000000000000000
  custom:audio-decoder-ogg-vorbis: bf7c407c2cedff20999df2af8eb42d56 -> 
  custom:audio-encoder-webm-vorbis: bf7c407c2cedff20999df2af8eb42d56 -> 
========================================================================
Received Prepare
Registering precompiled user dll's ...
Registered in 0.004124 seconds.
Begin MonoManager ReloadAssembly
Native extension for WindowsStandalone target not found
Native extension for WebGL target not found
Refreshing native plugins compatible for Editor in 0.45 ms, found 2 plugins.
Preloading 0 native plugins for Editor in 0.00 ms.
Mono: successfully reloaded assembly
- Completed reload, in  1.610 seconds
Domain Reload Profiling:
	ReloadAssembly (1611ms)
		BeginReloadAssembly (145ms)
			ExecutionOrderSort (0ms)
			DisableScriptedObjects (7ms)
			BackupInstance (0ms)
			ReleaseScriptingObjects (0ms)
			CreateAndSetChildDomain (42ms)
		EndReloadAssembly (1378ms)
			LoadAssemblies (119ms)
			RebuildTransferFunctionScriptingTraits (0ms)
			SetupTypeCache (381ms)
			ReleaseScriptCaches (1ms)
			RebuildScriptCaches (62ms)
			SetupLoadedEditorAssemblies (601ms)
				LogAssemblyErrors (0ms)
				InitializePlatformSupportModulesInManaged (8ms)
				SetLoadedEditorAssemblies (1ms)
				RefreshPlugins (1ms)
				BeforeProcessingInitializeOnLoad (107ms)
				ProcessInitializeOnLoadAttributes (471ms)
				ProcessInitializeOnLoadMethodAttributes (5ms)
				AfterProcessingInitializeOnLoad (8ms)
				EditorAssembliesLoaded (1ms)
			ExecutionOrderSort2 (0ms)
			AwakeInstancesAfterBackupRestoration (10ms)
Platform modules already initialized, skipping
Switching build target platform(19) subTarget(0) extendedPlatform(0) -> platform(13) subTarget(537395200) extendedPlatform(0)
Refreshing native plugins compatible for Editor in 0.56 ms, found 2 plugins.
Preloading 0 native plugins for Editor in 0.00 ms.
Unloading 1546 Unused Serialized files (Serialized files now loaded: 0)
System memory in use before: 73.9 MB.
System memory in use after: 74.0 MB.

Unloading 12 unused Assets to reduce memory usage. Loaded Objects now: 2056.
Total: 4.178900 ms (FindLiveObjects: 0.234200 ms CreateObjectMapping: 0.133100 ms MarkObjects: 3.754600 ms  DeleteObjects: 0.055000 ms)

AssetImportParameters requested are different than current active one (requested -> active):
  custom:framework-win-MediaFoundation: 216162199b28c13a410421893ffa2e32 -> 
  custom:video-decoder-ogg-theora: a1e56fd34408186e4bbccfd4996cb3dc -> 
  custom:container-muxer-webm: aa71ff27fc2769a1b78a27578f13a17b -> 
  custom:container-demuxer-webm: 4f35f7cbe854078d1ac9338744f61a02 -> 
  custom:container-demuxer-ogg: 62fdf1f143b41e24485cea50d1cbac27 -> 
  custom:video-encoder-webm-vp8: eb34c28f22e8b96e1ab97ce403110664 -> 
  custom:video-decoder-webm-vp8: 9c59270c3fd7afecdb556c50c9e8de78 -> 
  custom:graphics/normal-map-encoding: 01000000000000000000000000000000 -> 02000000000000000000000000000000
  custom:audio-decoder-ogg-vorbis: bf7c407c2cedff20999df2af8eb42d56 -> 
  custom:audio-encoder-webm-vorbis: bf7c407c2cedff20999df2af8eb42d56 -> 
========================================================================
Received Import Request.
  Time since last request: 1276.664148 seconds.
  path: Assets/_Game/Imported/UI Assets
  artifactKey: Guid(5dce8dea42a5f4b4c8951e2274e00ceb) Importer(815301076,1909f56bfc062723c751e8b465ee728b)
Start importing Assets/_Game/Imported/UI Assets using Guid(5dce8dea42a5f4b4c8951e2274e00ceb) Importer(815301076,1909f56bfc062723c751e8b465ee728b)  -> (artifact id: 'c6fbf939ccb7e41b51413cba949d3764') in 0.021534 seconds 
  Import took 0.026094 seconds .

========================================================================
Received Import Request.
  Time since last request: 0.003718 seconds.
  path: Assets/_Game/Imported/UI Assets/replay.png
  artifactKey: Guid(2571219b20cffe04a91be12998f87081) Importer(815301076,1909f56bfc062723c751e8b465ee728b)
Start importing Assets/_Game/Imported/UI Assets/replay.png using Guid(2571219b20cffe04a91be12998f87081) Importer(815301076,1909f56bfc062723c751e8b465ee728b)  -> (artifact id: '6d235f280ed41e203625024c8d57f42c') in 0.093314 seconds 
  Import took 0.099333 seconds .

========================================================================
Received Import Request.
  Time since last request: 0.000302 seconds.
  path: Assets/_Game/Imported/UI Assets/settings.png
  artifactKey: Guid(b7833bda5a1ef17428e8fcb4736cf4a7) Importer(815301076,1909f56bfc062723c751e8b465ee728b)
Start importing Assets/_Game/Imported/UI Assets/settings.png using Guid(b7833bda5a1ef17428e8fcb4736cf4a7) Importer(815301076,1909f56bfc062723c751e8b465ee728b)  -> (artifact id: '30470db0cde95dd6fe71f059b8675d27') in 0.025304 seconds 
  Import took 0.030914 seconds .

========================================================================
Received Import Request.
  Time since last request: 0.004807 seconds.
  path: Assets/_Game/Imported/UI Assets/settings.png
  artifactKey: Guid(b7833bda5a1ef17428e8fcb4736cf4a7) Importer(815301076,1909f56bfc062723c751e8b465ee728b)
Start importing Assets/_Game/Imported/UI Assets/settings.png using Guid(b7833bda5a1ef17428e8fcb4736cf4a7) Importer(815301076,1909f56bfc062723c751e8b465ee728b)  -> (artifact id: '30470db0cde95dd6fe71f059b8675d27') in 0.020761 seconds 
  Import took 0.024723 seconds .

========================================================================
Received Import Request.
  Time since last request: 56.326876 seconds.
  path: Assets/_Game/Imported/UI Assets/replay.png
  artifactKey: Guid(2571219b20cffe04a91be12998f87081) Importer(815301076,1909f56bfc062723c751e8b465ee728b)
Start importing Assets/_Game/Imported/UI Assets/replay.png using Guid(2571219b20cffe04a91be12998f87081) Importer(815301076,1909f56bfc062723c751e8b465ee728b)  -> (artifact id: '7f41b40da43cdb0fcd46631960741cb2') in 0.026228 seconds 
  Import took 0.031197 seconds .

========================================================================
Received Import Request.
  Time since last request: 10.157212 seconds.
  path: Assets/_Game/Imported/UI Assets/replay.png
  artifactKey: Guid(2571219b20cffe04a91be12998f87081) Importer(815301076,1909f56bfc062723c751e8b465ee728b)
Start importing Assets/_Game/Imported/UI Assets/replay.png using Guid(2571219b20cffe04a91be12998f87081) Importer(815301076,1909f56bfc062723c751e8b465ee728b)  -> (artifact id: '6f1093c8bd147e90bbd933b15f31909d') in 0.015945 seconds 
  Import took 0.021092 seconds .

========================================================================
Received Import Request.
  Time since last request: 12.026273 seconds.
  path: Assets/_Game/Imported/UI Assets/replay.png
  artifactKey: Guid(2571219b20cffe04a91be12998f87081) Importer(815301076,1909f56bfc062723c751e8b465ee728b)
Start importing Assets/_Game/Imported/UI Assets/replay.png using Guid(2571219b20cffe04a91be12998f87081) Importer(815301076,1909f56bfc062723c751e8b465ee728b)  -> (artifact id: 'b127501f9330aa0f6a89ba5dab14793e') in 0.023283 seconds 
  Import took 0.027110 seconds .

========================================================================
Received Import Request.
  Time since last request: 12.733754 seconds.
  path: Assets/_Game/Imported/UI Assets/replay.png
  artifactKey: Guid(2571219b20cffe04a91be12998f87081) Importer(815301076,1909f56bfc062723c751e8b465ee728b)
Start importing Assets/_Game/Imported/UI Assets/replay.png using Guid(2571219b20cffe04a91be12998f87081) Importer(815301076,1909f56bfc062723c751e8b465ee728b)  -> (artifact id: '13f928e910113c51aebb7fba043d5d3a') in 0.015034 seconds 
  Import took 0.019516 seconds .

========================================================================
Received Import Request.
  Time since last request: 73.775865 seconds.
  path: Assets/_Game/Imported/UI Assets/replay.png
  artifactKey: Guid(2571219b20cffe04a91be12998f87081) Importer(815301076,1909f56bfc062723c751e8b465ee728b)
Start importing Assets/_Game/Imported/UI Assets/replay.png using Guid(2571219b20cffe04a91be12998f87081) Importer(815301076,1909f56bfc062723c751e8b465ee728b)  -> (artifact id: '907f349cf2c4b0af783eb16ad655feec') in 0.041522 seconds 
  Import took 0.046450 seconds .

========================================================================
Received Import Request.
  Time since last request: 81.349824 seconds.
  path: Assets/_Game/Imported/UI Assets/settings.png
  artifactKey: Guid(b7833bda5a1ef17428e8fcb4736cf4a7) Importer(815301076,1909f56bfc062723c751e8b465ee728b)
Start importing Assets/_Game/Imported/UI Assets/settings.png using Guid(b7833bda5a1ef17428e8fcb4736cf4a7) Importer(815301076,1909f56bfc062723c751e8b465ee728b)  -> (artifact id: '54e9ba44bcd0c7d240f0603a6790087e') in 0.020607 seconds 
  Import took 0.024885 seconds .

========================================================================
Received Import Request.
  Time since last request: 5.230156 seconds.
  path: Assets/_Game/Imported/UI Assets/settings.png
  artifactKey: Guid(b7833bda5a1ef17428e8fcb4736cf4a7) Importer(815301076,1909f56bfc062723c751e8b465ee728b)
Start importing Assets/_Game/Imported/UI Assets/settings.png using Guid(b7833bda5a1ef17428e8fcb4736cf4a7) Importer(815301076,1909f56bfc062723c751e8b465ee728b)  -> (artifact id: 'd492f1ad20a1f2d8e391e473d7965680') in 0.014004 seconds 
  Import took 0.018108 seconds .

========================================================================
Received Import Request.
  Time since last request: 5.257994 seconds.
  path: Assets/_Game/Imported/UI Assets/settings.png
  artifactKey: Guid(b7833bda5a1ef17428e8fcb4736cf4a7) Importer(815301076,1909f56bfc062723c751e8b465ee728b)
Start importing Assets/_Game/Imported/UI Assets/settings.png using Guid(b7833bda5a1ef17428e8fcb4736cf4a7) Importer(815301076,1909f56bfc062723c751e8b465ee728b)  -> (artifact id: 'c2cb97a540bc84215352ea71ba125f0c') in 0.021350 seconds 
  Import took 0.025125 seconds .

========================================================================
Received Import Request.
  Time since last request: 8.590218 seconds.
  path: Assets/_Game/Imported/UI Assets/replay.png
  artifactKey: Guid(2571219b20cffe04a91be12998f87081) Importer(815301076,1909f56bfc062723c751e8b465ee728b)
Start importing Assets/_Game/Imported/UI Assets/replay.png using Guid(2571219b20cffe04a91be12998f87081) Importer(815301076,1909f56bfc062723c751e8b465ee728b)  -> (artifact id: 'ee36f42dc31452939dc12de83c882356') in 0.022593 seconds 
  Import took 0.027422 seconds .

========================================================================
Received Import Request.
  Time since last request: 74.722004 seconds.
  path: Assets/_Game/Imported/UI Assets/replay.png
  artifactKey: Guid(2571219b20cffe04a91be12998f87081) Importer(815301076,1909f56bfc062723c751e8b465ee728b)
Start importing Assets/_Game/Imported/UI Assets/replay.png using Guid(2571219b20cffe04a91be12998f87081) Importer(815301076,1909f56bfc062723c751e8b465ee728b)  -> (artifact id: '89da14af136418ec9310114bad292e67') in 0.063789 seconds 
  Import took 0.069609 seconds .

========================================================================
Received Import Request.
  Time since last request: 42.287379 seconds.
  path: Assets/_Game/Imported/UI Assets/replay.png
  artifactKey: Guid(2571219b20cffe04a91be12998f87081) Importer(815301076,1909f56bfc062723c751e8b465ee728b)
Start importing Assets/_Game/Imported/UI Assets/replay.png using Guid(2571219b20cffe04a91be12998f87081) Importer(815301076,1909f56bfc062723c751e8b465ee728b)  -> (artifact id: '20d44e5d49243b57fbc86dc16b833495') in 0.017746 seconds 
  Import took 0.021273 seconds .

========================================================================
Received Prepare
Registering precompiled user dll's ...
Registered in 0.005892 seconds.
Begin MonoManager ReloadAssembly
Native extension for WindowsStandalone target not found
Native extension for WebGL target not found
Refreshing native plugins compatible for Editor in 0.43 ms, found 2 plugins.
Preloading 0 native plugins for Editor in 0.00 ms.
Mono: successfully reloaded assembly
- Completed reload, in  2.440 seconds
Domain Reload Profiling:
	ReloadAssembly (2441ms)
		BeginReloadAssembly (234ms)
			ExecutionOrderSort (0ms)
			DisableScriptedObjects (8ms)
			BackupInstance (0ms)
			ReleaseScriptingObjects (0ms)
			CreateAndSetChildDomain (61ms)
		EndReloadAssembly (2014ms)
			LoadAssemblies (248ms)
			RebuildTransferFunctionScriptingTraits (0ms)
			SetupTypeCache (624ms)
			ReleaseScriptCaches (1ms)
			RebuildScriptCaches (192ms)
			SetupLoadedEditorAssemblies (682ms)
				LogAssemblyErrors (0ms)
				InitializePlatformSupportModulesInManaged (13ms)
				SetLoadedEditorAssemblies (1ms)
				RefreshPlugins (1ms)
				BeforeProcessingInitializeOnLoad (144ms)
				ProcessInitializeOnLoadAttributes (503ms)
				ProcessInitializeOnLoadMethodAttributes (7ms)
				AfterProcessingInitializeOnLoad (14ms)
				EditorAssembliesLoaded (1ms)
			ExecutionOrderSort2 (0ms)
			AwakeInstancesAfterBackupRestoration (12ms)
Platform modules already initialized, skipping
Switching build target platform(19) subTarget(0) extendedPlatform(0) -> platform(13) subTarget(537395200) extendedPlatform(0)
Refreshing native plugins compatible for Editor in 0.46 ms, found 2 plugins.
Preloading 0 native plugins for Editor in 0.00 ms.
Unloading 1580 Unused Serialized files (Serialized files now loaded: 0)
System memory in use before: 76.0 MB.
System memory in use after: 76.1 MB.

Unloading 12 unused Assets to reduce memory usage. Loaded Objects now: 2095.
Total: 4.432900 ms (FindLiveObjects: 0.233300 ms CreateObjectMapping: 0.132900 ms MarkObjects: 4.018200 ms  DeleteObjects: 0.046600 ms)

AssetImportParameters requested are different than current active one (requested -> active):
  custom:framework-win-MediaFoundation: 216162199b28c13a410421893ffa2e32 -> 
  custom:video-decoder-ogg-theora: a1e56fd34408186e4bbccfd4996cb3dc -> 
  custom:container-muxer-webm: aa71ff27fc2769a1b78a27578f13a17b -> 
  custom:container-demuxer-webm: 4f35f7cbe854078d1ac9338744f61a02 -> 
  custom:container-demuxer-ogg: 62fdf1f143b41e24485cea50d1cbac27 -> 
  custom:video-encoder-webm-vp8: eb34c28f22e8b96e1ab97ce403110664 -> 
  custom:video-decoder-webm-vp8: 9c59270c3fd7afecdb556c50c9e8de78 -> 
  custom:graphics/normal-map-encoding: 01000000000000000000000000000000 -> 02000000000000000000000000000000
  custom:audio-decoder-ogg-vorbis: bf7c407c2cedff20999df2af8eb42d56 -> 
  custom:audio-encoder-webm-vorbis: bf7c407c2cedff20999df2af8eb42d56 -> 
========================================================================
Received Import Request.
  Time since last request: 229.372468 seconds.
  path: Assets/_Game/Imported/UI Assets/GUI_Items_0078_Package-----------------.png
  artifactKey: Guid(f07f72f7ab4687445a7378e20e61ecaa) Importer(815301076,1909f56bfc062723c751e8b465ee728b)
Start importing Assets/_Game/Imported/UI Assets/GUI_Items_0078_Package-----------------.png using Guid(f07f72f7ab4687445a7378e20e61ecaa) Importer(815301076,1909f56bfc062723c751e8b465ee728b)  -> (artifact id: '0314145d7d8dd1aa292dbfc1a13cfc15') in 0.213200 seconds 
  Import took 0.219273 seconds .

========================================================================
Received Import Request.
  Time since last request: 0.000261 seconds.
  path: Assets/_Game/Imported/UI Assets/GUI_Items_0085_------------------------.png
  artifactKey: Guid(5106450778548c6418eb65df5a7e7116) Importer(815301076,1909f56bfc062723c751e8b465ee728b)
Start importing Assets/_Game/Imported/UI Assets/GUI_Items_0085_------------------------.png using Guid(5106450778548c6418eb65df5a7e7116) Importer(815301076,1909f56bfc062723c751e8b465ee728b)  -> (artifact id: '58b6fb340765d9ef9dfc713c4f41bee3') in 0.032474 seconds 
  Import took 0.036127 seconds .

========================================================================
Received Import Request.
  Time since last request: 0.000243 seconds.
  path: Assets/_Game/Imported/UI Assets/GUI_Items_0092_Package-----------------.png
  artifactKey: Guid(4d4edc490ac99e9498fcd8c9a5f1609a) Importer(815301076,1909f56bfc062723c751e8b465ee728b)
Start importing Assets/_Game/Imported/UI Assets/GUI_Items_0092_Package-----------------.png using Guid(4d4edc490ac99e9498fcd8c9a5f1609a) Importer(815301076,1909f56bfc062723c751e8b465ee728b)  -> (artifact id: '9c1e136bc19e69331ab2968437c1b02a') in 0.035199 seconds 
  Import took 0.039545 seconds .

========================================================================
Received Import Request.
  Time since last request: 97.816608 seconds.
  path: Assets/_Game/Imported/UI Assets/GUI_Items_0078_Package-----------------.png
  artifactKey: Guid(f07f72f7ab4687445a7378e20e61ecaa) Importer(815301076,1909f56bfc062723c751e8b465ee728b)
Start importing Assets/_Game/Imported/UI Assets/GUI_Items_0078_Package-----------------.png using Guid(f07f72f7ab4687445a7378e20e61ecaa) Importer(815301076,1909f56bfc062723c751e8b465ee728b)  -> (artifact id: '91d3e88efb98085391a7746ebf6a9524') in 0.070011 seconds 
  Import took 0.074661 seconds .

========================================================================
Received Import Request.
  Time since last request: 19.699715 seconds.
  path: Assets/_Game/Imported/UI Assets/GUI_Items_0078_Package-----------------.png
  artifactKey: Guid(f07f72f7ab4687445a7378e20e61ecaa) Importer(815301076,1909f56bfc062723c751e8b465ee728b)
Start importing Assets/_Game/Imported/UI Assets/GUI_Items_0078_Package-----------------.png using Guid(f07f72f7ab4687445a7378e20e61ecaa) Importer(815301076,1909f56bfc062723c751e8b465ee728b)  -> (artifact id: '1a532fcb1b76e712ec715c3a867e5560') in 0.025031 seconds 
  Import took 0.031961 seconds .

========================================================================
Received Import Request.
  Time since last request: 15.858877 seconds.
  path: Assets/_Game/Imported/UI Assets/GUI_Items_0078_Package-----------------.png
  artifactKey: Guid(f07f72f7ab4687445a7378e20e61ecaa) Importer(815301076,1909f56bfc062723c751e8b465ee728b)
Start importing Assets/_Game/Imported/UI Assets/GUI_Items_0078_Package-----------------.png using Guid(f07f72f7ab4687445a7378e20e61ecaa) Importer(815301076,1909f56bfc062723c751e8b465ee728b)  -> (artifact id: '4e1b845316d9e4d727bb26e53f103022') in 0.014952 seconds 
  Import took 0.019762 seconds .

========================================================================
Received Import Request.
  Time since last request: 241.700318 seconds.
  path: Assets/_Game/Imported/UI Assets/replay.png
  artifactKey: Guid(2571219b20cffe04a91be12998f87081) Importer(815301076,1909f56bfc062723c751e8b465ee728b)
Start importing Assets/_Game/Imported/UI Assets/replay.png using Guid(2571219b20cffe04a91be12998f87081) Importer(815301076,1909f56bfc062723c751e8b465ee728b)  -> (artifact id: 'cc6c0eb47bb633b8aa804102e2012343') in 0.031572 seconds 
  Import took 0.035486 seconds .

========================================================================
Received Prepare
Registering precompiled user dll's ...
Registered in 0.003863 seconds.
Begin MonoManager ReloadAssembly
Native extension for WindowsStandalone target not found
Native extension for WebGL target not found
Refreshing native plugins compatible for Editor in 0.42 ms, found 2 plugins.
Preloading 0 native plugins for Editor in 0.00 ms.
Mono: successfully reloaded assembly
- Completed reload, in  1.282 seconds
Domain Reload Profiling:
	ReloadAssembly (1282ms)
		BeginReloadAssembly (128ms)
			ExecutionOrderSort (0ms)
			DisableScriptedObjects (6ms)
			BackupInstance (0ms)
			ReleaseScriptingObjects (0ms)
			CreateAndSetChildDomain (40ms)
		EndReloadAssembly (1077ms)
			LoadAssemblies (105ms)
			RebuildTransferFunctionScriptingTraits (0ms)
			SetupTypeCache (346ms)
			ReleaseScriptCaches (1ms)
			RebuildScriptCaches (55ms)
			SetupLoadedEditorAssemblies (377ms)
				LogAssemblyErrors (0ms)
				InitializePlatformSupportModulesInManaged (7ms)
				SetLoadedEditorAssemblies (1ms)
				RefreshPlugins (0ms)
				BeforeProcessingInitializeOnLoad (97ms)
				ProcessInitializeOnLoadAttributes (259ms)
				ProcessInitializeOnLoadMethodAttributes (4ms)
				AfterProcessingInitializeOnLoad (8ms)
				EditorAssembliesLoaded (0ms)
			ExecutionOrderSort2 (0ms)
			AwakeInstancesAfterBackupRestoration (9ms)
Platform modules already initialized, skipping
Switching build target platform(19) subTarget(0) extendedPlatform(0) -> platform(13) subTarget(537395200) extendedPlatform(0)
Refreshing native plugins compatible for Editor in 0.41 ms, found 2 plugins.
Preloading 0 native plugins for Editor in 0.00 ms.
Unloading 1580 Unused Serialized files (Serialized files now loaded: 0)
System memory in use before: 76.0 MB.
System memory in use after: 76.1 MB.

Unloading 12 unused Assets to reduce memory usage. Loaded Objects now: 2101.
Total: 4.085000 ms (FindLiveObjects: 0.175300 ms CreateObjectMapping: 0.062600 ms MarkObjects: 3.814500 ms  DeleteObjects: 0.031300 ms)

AssetImportParameters requested are different than current active one (requested -> active):
  custom:framework-win-MediaFoundation: 216162199b28c13a410421893ffa2e32 -> 
  custom:video-decoder-ogg-theora: a1e56fd34408186e4bbccfd4996cb3dc -> 
  custom:container-muxer-webm: aa71ff27fc2769a1b78a27578f13a17b -> 
  custom:container-demuxer-webm: 4f35f7cbe854078d1ac9338744f61a02 -> 
  custom:container-demuxer-ogg: 62fdf1f143b41e24485cea50d1cbac27 -> 
  custom:video-encoder-webm-vp8: eb34c28f22e8b96e1ab97ce403110664 -> 
  custom:video-decoder-webm-vp8: 9c59270c3fd7afecdb556c50c9e8de78 -> 
  custom:graphics/normal-map-encoding: 01000000000000000000000000000000 -> 02000000000000000000000000000000
  custom:audio-decoder-ogg-vorbis: bf7c407c2cedff20999df2af8eb42d56 -> 
  custom:audio-encoder-webm-vorbis: bf7c407c2cedff20999df2af8eb42d56 -> 
AssetImportWorkerClient::OnTransportError - code=2 error=End of file
